<?xml version="1.0" encoding="UTF-8"?>
<testsuite xmlns:xsi="http://www.w3.org/2001/XMLSchema-instance" xsi:noNamespaceSchemaLocation="https://maven.apache.org/surefire/maven-surefire-plugin/xsd/surefire-test-report.xsd" name="org.example.AppTest" time="0.038" tests="1" errors="0" skipped="0" failures="0">
  <properties>
    <property name="java.specification.version" value="17"/>
    <property name="sun.cpu.isalist" value="amd64"/>
    <property name="sun.jnu.encoding" value="GBK"/>
    <property name="java.class.path" value="D:\IDEA\projects\gitdemo\gitmodule\target\test-classes;D:\IDEA\projects\gitdemo\gitmodule\target\classes;D:\maven\apache-maven-3.6.3\local_repository\org\springframework\boot\spring-boot-starter-web\2.7.5\spring-boot-starter-web-2.7.5.jar;D:\maven\apache-maven-3.6.3\local_repository\org\springframework\boot\spring-boot-starter\2.7.5\spring-boot-starter-2.7.5.jar;D:\maven\apache-maven-3.6.3\local_repository\org\springframework\boot\spring-boot\2.7.5\spring-boot-2.7.5.jar;D:\maven\apache-maven-3.6.3\local_repository\org\springframework\boot\spring-boot-autoconfigure\2.7.5\spring-boot-autoconfigure-2.7.5.jar;D:\maven\apache-maven-3.6.3\local_repository\org\springframework\boot\spring-boot-starter-logging\2.7.5\spring-boot-starter-logging-2.7.5.jar;D:\maven\apache-maven-3.6.3\local_repository\ch\qos\logback\logback-classic\1.2.11\logback-classic-1.2.11.jar;D:\maven\apache-maven-3.6.3\local_repository\ch\qos\logback\logback-core\1.2.11\logback-core-1.2.11.jar;D:\maven\apache-maven-3.6.3\local_repository\org\slf4j\slf4j-api\1.7.36\slf4j-api-1.7.36.jar;D:\maven\apache-maven-3.6.3\local_repository\org\apache\logging\log4j\log4j-to-slf4j\2.17.2\log4j-to-slf4j-2.17.2.jar;D:\maven\apache-maven-3.6.3\local_repository\org\apache\logging\log4j\log4j-api\2.17.2\log4j-api-2.17.2.jar;D:\maven\apache-maven-3.6.3\local_repository\org\slf4j\jul-to-slf4j\1.7.36\jul-to-slf4j-1.7.36.jar;D:\maven\apache-maven-3.6.3\local_repository\jakarta\annotation\jakarta.annotation-api\1.3.5\jakarta.annotation-api-1.3.5.jar;D:\maven\apache-maven-3.6.3\local_repository\org\springframework\spring-core\5.3.23\spring-core-5.3.23.jar;D:\maven\apache-maven-3.6.3\local_repository\org\springframework\spring-jcl\5.3.23\spring-jcl-5.3.23.jar;D:\maven\apache-maven-3.6.3\local_repository\org\yaml\snakeyaml\1.30\snakeyaml-1.30.jar;D:\maven\apache-maven-3.6.3\local_repository\org\springframework\boot\spring-boot-starter-json\2.7.5\spring-boot-starter-json-2.7.5.jar;D:\maven\apache-maven-3.6.3\local_repository\com\fasterxml\jackson\core\jackson-databind\2.13.4.2\jackson-databind-2.13.4.2.jar;D:\maven\apache-maven-3.6.3\local_repository\com\fasterxml\jackson\core\jackson-annotations\2.13.4\jackson-annotations-2.13.4.jar;D:\maven\apache-maven-3.6.3\local_repository\com\fasterxml\jackson\core\jackson-core\2.13.4\jackson-core-2.13.4.jar;D:\maven\apache-maven-3.6.3\local_repository\com\fasterxml\jackson\datatype\jackson-datatype-jdk8\2.13.4\jackson-datatype-jdk8-2.13.4.jar;D:\maven\apache-maven-3.6.3\local_repository\com\fasterxml\jackson\datatype\jackson-datatype-jsr310\2.13.4\jackson-datatype-jsr310-2.13.4.jar;D:\maven\apache-maven-3.6.3\local_repository\com\fasterxml\jackson\module\jackson-module-parameter-names\2.13.4\jackson-module-parameter-names-2.13.4.jar;D:\maven\apache-maven-3.6.3\local_repository\org\springframework\boot\spring-boot-starter-tomcat\2.7.5\spring-boot-starter-tomcat-2.7.5.jar;D:\maven\apache-maven-3.6.3\local_repository\org\apache\tomcat\embed\tomcat-embed-core\9.0.68\tomcat-embed-core-9.0.68.jar;D:\maven\apache-maven-3.6.3\local_repository\org\apache\tomcat\embed\tomcat-embed-el\9.0.68\tomcat-embed-el-9.0.68.jar;D:\maven\apache-maven-3.6.3\local_repository\org\apache\tomcat\embed\tomcat-embed-websocket\9.0.68\tomcat-embed-websocket-9.0.68.jar;D:\maven\apache-maven-3.6.3\local_repository\org\springframework\spring-web\5.3.23\spring-web-5.3.23.jar;D:\maven\apache-maven-3.6.3\local_repository\org\springframework\spring-beans\5.3.23\spring-beans-5.3.23.jar;D:\maven\apache-maven-3.6.3\local_repository\org\springframework\spring-webmvc\5.3.23\spring-webmvc-5.3.23.jar;D:\maven\apache-maven-3.6.3\local_repository\org\springframework\spring-aop\5.3.23\spring-aop-5.3.23.jar;D:\maven\apache-maven-3.6.3\local_repository\org\springframework\spring-context\5.3.23\spring-context-5.3.23.jar;D:\maven\apache-maven-3.6.3\local_repository\org\springframework\spring-expression\5.3.23\spring-expression-5.3.23.jar;D:\maven\apache-maven-3.6.3\local_repository\org\projectlombok\lombok\1.18.24\lombok-1.18.24.jar;D:\maven\apache-maven-3.6.3\local_repository\junit\junit\4.11\junit-4.11.jar;D:\maven\apache-maven-3.6.3\local_repository\org\hamcrest\hamcrest-core\2.2\hamcrest-core-2.2.jar;D:\maven\apache-maven-3.6.3\local_repository\org\hamcrest\hamcrest\2.2\hamcrest-2.2.jar;"/>
    <property name="java.vm.vendor" value="Oracle Corporation"/>
    <property name="sun.arch.data.model" value="64"/>
    <property name="user.variant" value=""/>
    <property name="java.vendor.url" value="https://java.oracle.com/"/>
    <property name="user.timezone" value="Asia/Shanghai"/>
    <property name="os.name" value="Windows 10"/>
    <property name="java.vm.specification.version" value="17"/>
    <property name="sun.java.launcher" value="SUN_STANDARD"/>
    <property name="user.country" value="CN"/>
    <property name="sun.boot.library.path" value="D:\JDK17\jdk-17.0.3.1\bin"/>
    <property name="sun.java.command" value="C:\Users\许博文~1\AppData\Local\Temp\surefire3258031149364092933\surefirebooter14801709570524623011.jar C:\Users\许博文的电脑\AppData\Local\Temp\surefire3258031149364092933 2022-11-16T21-40-54_547-jvmRun1 surefire9576565648023818973tmp surefire_016547950625925970087tmp"/>
    <property name="jdk.debug" value="release"/>
    <property name="surefire.test.class.path" value="D:\IDEA\projects\gitdemo\gitmodule\target\test-classes;D:\IDEA\projects\gitdemo\gitmodule\target\classes;D:\maven\apache-maven-3.6.3\local_repository\org\springframework\boot\spring-boot-starter-web\2.7.5\spring-boot-starter-web-2.7.5.jar;D:\maven\apache-maven-3.6.3\local_repository\org\springframework\boot\spring-boot-starter\2.7.5\spring-boot-starter-2.7.5.jar;D:\maven\apache-maven-3.6.3\local_repository\org\springframework\boot\spring-boot\2.7.5\spring-boot-2.7.5.jar;D:\maven\apache-maven-3.6.3\local_repository\org\springframework\boot\spring-boot-autoconfigure\2.7.5\spring-boot-autoconfigure-2.7.5.jar;D:\maven\apache-maven-3.6.3\local_repository\org\springframework\boot\spring-boot-starter-logging\2.7.5\spring-boot-starter-logging-2.7.5.jar;D:\maven\apache-maven-3.6.3\local_repository\ch\qos\logback\logback-classic\1.2.11\logback-classic-1.2.11.jar;D:\maven\apache-maven-3.6.3\local_repository\ch\qos\logback\logback-core\1.2.11\logback-core-1.2.11.jar;D:\maven\apache-maven-3.6.3\local_repository\org\slf4j\slf4j-api\1.7.36\slf4j-api-1.7.36.jar;D:\maven\apache-maven-3.6.3\local_repository\org\apache\logging\log4j\log4j-to-slf4j\2.17.2\log4j-to-slf4j-2.17.2.jar;D:\maven\apache-maven-3.6.3\local_repository\org\apache\logging\log4j\log4j-api\2.17.2\log4j-api-2.17.2.jar;D:\maven\apache-maven-3.6.3\local_repository\org\slf4j\jul-to-slf4j\1.7.36\jul-to-slf4j-1.7.36.jar;D:\maven\apache-maven-3.6.3\local_repository\jakarta\annotation\jakarta.annotation-api\1.3.5\jakarta.annotation-api-1.3.5.jar;D:\maven\apache-maven-3.6.3\local_repository\org\springframework\spring-core\5.3.23\spring-core-5.3.23.jar;D:\maven\apache-maven-3.6.3\local_repository\org\springframework\spring-jcl\5.3.23\spring-jcl-5.3.23.jar;D:\maven\apache-maven-3.6.3\local_repository\org\yaml\snakeyaml\1.30\snakeyaml-1.30.jar;D:\maven\apache-maven-3.6.3\local_repository\org\springframework\boot\spring-boot-starter-json\2.7.5\spring-boot-starter-json-2.7.5.jar;D:\maven\apache-maven-3.6.3\local_repository\com\fasterxml\jackson\core\jackson-databind\2.13.4.2\jackson-databind-2.13.4.2.jar;D:\maven\apache-maven-3.6.3\local_repository\com\fasterxml\jackson\core\jackson-annotations\2.13.4\jackson-annotations-2.13.4.jar;D:\maven\apache-maven-3.6.3\local_repository\com\fasterxml\jackson\core\jackson-core\2.13.4\jackson-core-2.13.4.jar;D:\maven\apache-maven-3.6.3\local_repository\com\fasterxml\jackson\datatype\jackson-datatype-jdk8\2.13.4\jackson-datatype-jdk8-2.13.4.jar;D:\maven\apache-maven-3.6.3\local_repository\com\fasterxml\jackson\datatype\jackson-datatype-jsr310\2.13.4\jackson-datatype-jsr310-2.13.4.jar;D:\maven\apache-maven-3.6.3\local_repository\com\fasterxml\jackson\module\jackson-module-parameter-names\2.13.4\jackson-module-parameter-names-2.13.4.jar;D:\maven\apache-maven-3.6.3\local_repository\org\springframework\boot\spring-boot-starter-tomcat\2.7.5\spring-boot-starter-tomcat-2.7.5.jar;D:\maven\apache-maven-3.6.3\local_repository\org\apache\tomcat\embed\tomcat-embed-core\9.0.68\tomcat-embed-core-9.0.68.jar;D:\maven\apache-maven-3.6.3\local_repository\org\apache\tomcat\embed\tomcat-embed-el\9.0.68\tomcat-embed-el-9.0.68.jar;D:\maven\apache-maven-3.6.3\local_repository\org\apache\tomcat\embed\tomcat-embed-websocket\9.0.68\tomcat-embed-websocket-9.0.68.jar;D:\maven\apache-maven-3.6.3\local_repository\org\springframework\spring-web\5.3.23\spring-web-5.3.23.jar;D:\maven\apache-maven-3.6.3\local_repository\org\springframework\spring-beans\5.3.23\spring-beans-5.3.23.jar;D:\maven\apache-maven-3.6.3\local_repository\org\springframework\spring-webmvc\5.3.23\spring-webmvc-5.3.23.jar;D:\maven\apache-maven-3.6.3\local_repository\org\springframework\spring-aop\5.3.23\spring-aop-5.3.23.jar;D:\maven\apache-maven-3.6.3\local_repository\org\springframework\spring-context\5.3.23\spring-context-5.3.23.jar;D:\maven\apache-maven-3.6.3\local_repository\org\springframework\spring-expression\5.3.23\spring-expression-5.3.23.jar;D:\maven\apache-maven-3.6.3\local_repository\org\projectlombok\lombok\1.18.24\lombok-1.18.24.jar;D:\maven\apache-maven-3.6.3\local_repository\junit\junit\4.11\junit-4.11.jar;D:\maven\apache-maven-3.6.3\local_repository\org\hamcrest\hamcrest-core\2.2\hamcrest-core-2.2.jar;D:\maven\apache-maven-3.6.3\local_repository\org\hamcrest\hamcrest\2.2\hamcrest-2.2.jar;"/>
    <property name="sun.cpu.endian" value="little"/>
    <property name="user.home" value="C:\Users\许博文的电脑"/>
    <property name="user.language" value="zh"/>
    <property name="java.specification.vendor" value="Oracle Corporation"/>
    <property name="java.version.date" value="2022-04-22"/>
    <property name="java.home" value="D:\JDK17\jdk-17.0.3.1"/>
    <property name="file.separator" value="\"/>
    <property name="basedir" value="D:\IDEA\projects\gitdemo\gitmodule"/>
    <property name="java.vm.compressedOopsMode" value="Zero based"/>
    <property name="line.separator" value="&#10;"/>
    <property name="java.vm.specification.vendor" value="Oracle Corporation"/>
    <property name="java.specification.name" value="Java Platform API Specification"/>
    <property name="surefire.real.class.path" value="C:\Users\许博文~1\AppData\Local\Temp\surefire3258031149364092933\surefirebooter14801709570524623011.jar"/>
    <property name="user.script" value=""/>
    <property name="sun.management.compiler" value="HotSpot 64-Bit Tiered Compilers"/>
    <property name="java.runtime.version" value="17.0.3.1+2-LTS-6"/>
    <property name="user.name" value="许博文的电脑"/>
    <property name="path.separator" value=";"/>
    <property name="os.version" value="10.0"/>
    <property name="java.runtime.name" value="Java(TM) SE Runtime Environment"/>
    <property name="file.encoding" value="GBK"/>
    <property name="java.vm.name" value="Java HotSpot(TM) 64-Bit Server VM"/>
    <property name="localRepository" value="D:\maven\apache-maven-3.6.3\local_repository"/>
    <property name="java.vendor.url.bug" value="https://bugreport.java.com/bugreport/"/>
    <property name="java.io.tmpdir" value="C:\Users\许博文~1\AppData\Local\Temp\"/>
    <property name="idea.version" value="2021.2.4"/>
    <property name="java.version" value="17.0.3.1"/>
    <property name="user.dir" value="D:\IDEA\projects\gitdemo\gitmodule"/>
    <property name="os.arch" value="amd64"/>
    <property name="java.vm.specification.name" value="Java Virtual Machine Specification"/>
    <property name="sun.os.patch.level" value=""/>
    <property name="native.encoding" value="GBK"/>
    <property name="java.library.path" value="D:\JDK17\jdk-17.0.3.1\bin;C:\WINDOWS\Sun\Java\bin;C:\WINDOWS\system32;C:\WINDOWS;D:\VMware\bin\;D:\JDK17\jdk-17.0.3.1\bin;C:\WINDOWS\system32;C:\WINDOWS;C:\WINDOWS\System32\Wbem;C:\WINDOWS\System32\WindowsPowerShell\v1.0\;C:\WINDOWS\System32\OpenSSH\;C:\Program Files\MySQL\MySQL Server 8.0\bin;D:\mingw\mingw64\bin;C:\Program Files\Java\bin;D:\tomcat\apache-tomcat-8.5.73\bin;D:\tomcat\apache-tomcat-8.5.73\lib;D:\cmake\cmake-3.22.3-windows-x86_64\bin;C:\Program Files\Microsoft SQL Server\150\Tools\Binn\;C:\Program Files\Microsoft SQL Server\Client SDK\ODBC\170\Tools\Binn\;C:\Program Files\dotnet\;D:\maven\apache-maven-3.6.3\bin;D:\git\Git\cmd;D:\matlab\bin;D:\xshell\;D:\xftp\;C:\Program Files\MySQL\MySQL Shell 8.0\bin\;C:\Users\许博文的电脑\AppData\Local\Programs\Python\Python39\Scripts\;C:\Users\许博文的电脑\AppData\Local\Programs\Python\Python39\;C:\Users\许博文的电脑\AppData\Local\Microsoft\WindowsApps;;D:\vs code\Microsoft VS Code\bin;D:\IDEA\IntelliJ IDEA 2021.2.3\bin;;C:\Users\许博文的电脑\.dotnet\tools;D:\pycharm\PyCharm 2022.1\bin;;D:\Clion\CLion 2022.1\bin;;."/>
    <property name="java.vm.info" value="mixed mode, sharing"/>
    <property name="java.vendor" value="Oracle Corporation"/>
    <property name="java.vm.version" value="17.0.3.1+2-LTS-6"/>
    <property name="sun.io.unicode.encoding" value="UnicodeLittle"/>
    <property name="maven.repo.local" value="D:\maven\apache-maven-3.6.3\local_repository"/>
    <property name="java.class.version" value="61.0"/>
  </properties>
  <testcase name="shouldAnswerWithTrue" classname="org.example.AppTest" time="0.002"/>
</testsuite>